<?xml version="1.0" encoding="UTF-8"?>
<!-- Generated by org.testng.reporters.JUnitReportReporter -->
<testsuite hostname="LAPTOP-C09100BS" failures="0" tests="1" name="com_kustom.home.LoginTest" time="7.456" errors="0" timestamp="2022-06-01T15:39:43 IST" skipped="0">
  <testcase classname="com_kustom.home.LoginTest" name="login" time="7.456"/>
  <system-out>
    <![CDATA[SIGIN PAGEis Displayed,PASS]]>
  </system-out>
</testsuite> <!-- com_kustom.home.LoginTest -->
